INFO: 29/12/2015 14:47 PM Creating backup folders
INFO: 29/12/2015 14:47 PM Finished creating backup folders
INFO: 29/12/2015 14:47 PM Finished crawler initialization
INFO: 29/12/2015 14:47 PM Starting crawl
INFO: 29/12/2015 14:47 PM Finding played months
INFO: 29/12/2015 14:48 PM Finished getting played months
INFO: 29/12/2015 14:48 PM Loading data from previous runs
INFO: 29/12/2015 14:48 PM Getting fixtures
INFO: 29/12/2015 14:50 PM Finished fixtures
INFO: 29/12/2015 14:50 PM Finding the start month
INFO: 29/12/2015 14:50 PM Finished loading previous data
INFO: 29/12/2015 14:50 PM Starting to parse game
INFO: 29/12/2015 14:51 PM Creating backup folders
INFO: 29/12/2015 14:51 PM Finished creating backup folders
INFO: 29/12/2015 14:51 PM Finished crawler initialization
INFO: 29/12/2015 14:51 PM Starting crawl
INFO: 29/12/2015 14:51 PM Finding played months
INFO: 29/12/2015 14:52 PM Finished getting played months
INFO: 29/12/2015 14:52 PM Loading data from previous runs
INFO: 29/12/2015 14:52 PM Finding the start month
INFO: 29/12/2015 14:52 PM Finished loading previous data
INFO: 29/12/2015 14:52 PM Starting to parse game
INFO: 29/12/2015 14:53 PM Finished game, moving to the next one
INFO: 29/12/2015 14:53 PM Starting to parse game
INFO: 29/12/2015 14:54 PM Finished game, moving to the next one
INFO: 29/12/2015 14:54 PM Starting to parse game
INFO: 29/12/2015 14:55 PM Finished game, moving to the next one
INFO: 29/12/2015 14:55 PM Starting to parse game
INFO: 29/12/2015 14:57 PM Finished game, moving to the next one
INFO: 29/12/2015 14:57 PM Starting to parse game
INFO: 29/12/2015 14:58 PM Finished game, moving to the next one
INFO: 29/12/2015 14:58 PM Starting to parse game
INFO: 29/12/2015 15:00 PM Finished game, moving to the next one
INFO: 29/12/2015 15:00 PM Starting to parse game
INFO: 29/12/2015 15:01 PM Finished game, moving to the next one
INFO: 29/12/2015 15:01 PM Starting to parse game
INFO: 29/12/2015 15:02 PM Finished game, moving to the next one
INFO: 29/12/2015 15:02 PM Starting to parse game
INFO: 29/12/2015 15:04 PM Finished game, moving to the next one
INFO: 29/12/2015 15:04 PM Starting to parse game
INFO: 29/12/2015 15:05 PM Finished game, moving to the next one
INFO: 29/12/2015 15:05 PM Finished month, saving to disk
INFO: 29/12/2015 15:05 PM Starting to parse game
INFO: 29/12/2015 15:06 PM Finished game, moving to the next one
INFO: 29/12/2015 15:06 PM Starting to parse game
INFO: 29/12/2015 15:07 PM Finished game, moving to the next one
INFO: 29/12/2015 15:07 PM Starting to parse game
INFO: 29/12/2015 15:09 PM Finished game, moving to the next one
INFO: 29/12/2015 15:09 PM Starting to parse game
INFO: 29/12/2015 15:10 PM Finished game, moving to the next one
INFO: 29/12/2015 15:10 PM Starting to parse game
INFO: 29/12/2015 15:11 PM Finished game, moving to the next one
INFO: 29/12/2015 15:11 PM Starting to parse game
INFO: 29/12/2015 15:13 PM Finished game, moving to the next one
INFO: 29/12/2015 15:13 PM Starting to parse game
INFO: 29/12/2015 15:14 PM Finished game, moving to the next one
INFO: 29/12/2015 15:14 PM Starting to parse game
INFO: 29/12/2015 15:15 PM Finished game, moving to the next one
INFO: 29/12/2015 15:15 PM Starting to parse game
INFO: 29/12/2015 15:16 PM Finished game, moving to the next one
INFO: 29/12/2015 15:16 PM Starting to parse game
INFO: 29/12/2015 15:18 PM Finished game, moving to the next one
INFO: 29/12/2015 15:18 PM Starting to parse game
INFO: 29/12/2015 15:19 PM Finished game, moving to the next one
INFO: 29/12/2015 15:19 PM Starting to parse game
INFO: 29/12/2015 15:20 PM Finished game, moving to the next one
INFO: 29/12/2015 15:20 PM Starting to parse game
INFO: 29/12/2015 15:22 PM Finished game, moving to the next one
INFO: 29/12/2015 15:22 PM Starting to parse game
INFO: 29/12/2015 15:23 PM Finished game, moving to the next one
INFO: 29/12/2015 15:23 PM Starting to parse game
INFO: 29/12/2015 15:24 PM Finished game, moving to the next one
INFO: 29/12/2015 15:24 PM Starting to parse game
INFO: 29/12/2015 15:26 PM Finished game, moving to the next one
INFO: 29/12/2015 15:26 PM Starting to parse game
INFO: 29/12/2015 15:27 PM Finished game, moving to the next one
INFO: 29/12/2015 15:27 PM Starting to parse game
INFO: 29/12/2015 15:28 PM Finished game, moving to the next one
INFO: 29/12/2015 15:28 PM Starting to parse game
INFO: 29/12/2015 15:29 PM Finished game, moving to the next one
INFO: 29/12/2015 15:29 PM Starting to parse game
INFO: 29/12/2015 15:31 PM Finished game, moving to the next one
INFO: 29/12/2015 15:31 PM Starting to parse game
INFO: 29/12/2015 15:32 PM Finished game, moving to the next one
INFO: 29/12/2015 15:32 PM Starting to parse game
INFO: 29/12/2015 15:33 PM Finished game, moving to the next one
INFO: 29/12/2015 15:33 PM Starting to parse game
INFO: 29/12/2015 15:35 PM Finished game, moving to the next one
INFO: 29/12/2015 15:35 PM Starting to parse game
INFO: 29/12/2015 15:36 PM Finished game, moving to the next one
INFO: 29/12/2015 15:36 PM Starting to parse game
INFO: 29/12/2015 15:37 PM Finished game, moving to the next one
INFO: 29/12/2015 15:37 PM Starting to parse game
INFO: 29/12/2015 15:39 PM Finished game, moving to the next one
INFO: 29/12/2015 15:39 PM Starting to parse game
INFO: 29/12/2015 15:40 PM Finished game, moving to the next one
INFO: 29/12/2015 15:40 PM Starting to parse game
INFO: 29/12/2015 15:41 PM Finished game, moving to the next one
INFO: 29/12/2015 15:41 PM Starting to parse game
INFO: 29/12/2015 15:43 PM Finished game, moving to the next one
INFO: 29/12/2015 15:43 PM Starting to parse game
INFO: 29/12/2015 15:44 PM Finished game, moving to the next one
INFO: 29/12/2015 15:44 PM Starting to parse game
INFO: 29/12/2015 15:45 PM Finished game, moving to the next one
INFO: 29/12/2015 15:45 PM Starting to parse game
INFO: 29/12/2015 15:47 PM Finished game, moving to the next one
INFO: 29/12/2015 15:47 PM Starting to parse game
INFO: 29/12/2015 15:48 PM Finished game, moving to the next one
INFO: 29/12/2015 15:48 PM Starting to parse game
INFO: 29/12/2015 15:49 PM Finished game, moving to the next one
INFO: 29/12/2015 15:49 PM Starting to parse game
INFO: 29/12/2015 15:51 PM Finished game, moving to the next one
INFO: 29/12/2015 15:51 PM Starting to parse game
INFO: 29/12/2015 15:52 PM Finished game, moving to the next one
INFO: 29/12/2015 15:52 PM Starting to parse game
INFO: 29/12/2015 15:53 PM Finished game, moving to the next one
INFO: 29/12/2015 15:53 PM Starting to parse game
INFO: 29/12/2015 15:55 PM Finished game, moving to the next one
INFO: 29/12/2015 15:55 PM Starting to parse game
INFO: 29/12/2015 15:56 PM Finished game, moving to the next one
INFO: 29/12/2015 15:56 PM Starting to parse game
INFO: 29/12/2015 15:57 PM Finished game, moving to the next one
INFO: 29/12/2015 15:57 PM Finished month, saving to disk
INFO: 29/12/2015 15:57 PM Starting to parse game
INFO: 29/12/2015 15:59 PM Finished game, moving to the next one
INFO: 29/12/2015 15:59 PM Starting to parse game
INFO: 29/12/2015 16:00 PM Finished game, moving to the next one
INFO: 29/12/2015 16:00 PM Starting to parse game
INFO: 29/12/2015 16:01 PM Finished game, moving to the next one
INFO: 29/12/2015 16:01 PM Starting to parse game
INFO: 29/12/2015 16:03 PM Finished game, moving to the next one
INFO: 29/12/2015 16:03 PM Starting to parse game
INFO: 29/12/2015 16:04 PM Finished game, moving to the next one
INFO: 29/12/2015 16:04 PM Starting to parse game
INFO: 29/12/2015 16:05 PM Finished game, moving to the next one
INFO: 29/12/2015 16:05 PM Starting to parse game
INFO: 29/12/2015 16:07 PM Finished game, moving to the next one
INFO: 29/12/2015 16:07 PM Starting to parse game
INFO: 29/12/2015 16:08 PM Finished game, moving to the next one
INFO: 29/12/2015 16:08 PM Starting to parse game
INFO: 29/12/2015 16:09 PM Finished game, moving to the next one
INFO: 29/12/2015 16:09 PM Starting to parse game
INFO: 29/12/2015 16:11 PM Finished game, moving to the next one
INFO: 29/12/2015 16:11 PM Starting to parse game
INFO: 29/12/2015 16:12 PM Finished game, moving to the next one
INFO: 29/12/2015 16:12 PM Starting to parse game
INFO: 29/12/2015 16:13 PM Finished game, moving to the next one
INFO: 29/12/2015 16:13 PM Starting to parse game
INFO: 29/12/2015 16:15 PM Finished game, moving to the next one
INFO: 29/12/2015 16:15 PM Starting to parse game
INFO: 29/12/2015 16:16 PM Finished game, moving to the next one
INFO: 29/12/2015 16:16 PM Starting to parse game
INFO: 29/12/2015 16:17 PM Finished game, moving to the next one
INFO: 29/12/2015 16:17 PM Starting to parse game
INFO: 29/12/2015 16:19 PM Finished game, moving to the next one
INFO: 29/12/2015 16:19 PM Starting to parse game
INFO: 29/12/2015 16:20 PM Finished game, moving to the next one
INFO: 29/12/2015 16:20 PM Starting to parse game
INFO: 29/12/2015 16:21 PM Finished game, moving to the next one
INFO: 29/12/2015 16:21 PM Starting to parse game
INFO: 29/12/2015 16:23 PM Finished game, moving to the next one
INFO: 29/12/2015 16:23 PM Starting to parse game
INFO: 29/12/2015 16:24 PM Finished game, moving to the next one
INFO: 29/12/2015 16:24 PM Starting to parse game
INFO: 29/12/2015 16:25 PM Finished game, moving to the next one
INFO: 29/12/2015 16:25 PM Starting to parse game
INFO: 29/12/2015 16:27 PM Finished game, moving to the next one
INFO: 29/12/2015 16:27 PM Starting to parse game
INFO: 29/12/2015 16:28 PM Finished game, moving to the next one
INFO: 29/12/2015 16:28 PM Starting to parse game
INFO: 29/12/2015 16:29 PM Finished game, moving to the next one
INFO: 29/12/2015 16:29 PM Starting to parse game
INFO: 29/12/2015 16:31 PM Finished game, moving to the next one
INFO: 29/12/2015 16:31 PM Starting to parse game
INFO: 29/12/2015 16:32 PM Finished game, moving to the next one
INFO: 29/12/2015 16:32 PM Starting to parse game
INFO: 29/12/2015 16:33 PM Finished game, moving to the next one
INFO: 29/12/2015 16:33 PM Starting to parse game
INFO: 29/12/2015 16:34 PM Finished game, moving to the next one
INFO: 29/12/2015 16:34 PM Starting to parse game
INFO: 29/12/2015 16:36 PM Finished game, moving to the next one
INFO: 29/12/2015 16:36 PM Starting to parse game
INFO: 29/12/2015 16:37 PM Finished game, moving to the next one
INFO: 29/12/2015 16:37 PM Starting to parse game
INFO: 29/12/2015 16:38 PM Finished game, moving to the next one
INFO: 29/12/2015 16:38 PM Starting to parse game
INFO: 29/12/2015 16:40 PM Finished game, moving to the next one
INFO: 29/12/2015 16:40 PM Starting to parse game
INFO: 29/12/2015 16:41 PM Finished game, moving to the next one
INFO: 29/12/2015 16:41 PM Starting to parse game
INFO: 29/12/2015 16:42 PM Finished game, moving to the next one
INFO: 29/12/2015 16:42 PM Starting to parse game
INFO: 29/12/2015 16:44 PM Finished game, moving to the next one
INFO: 29/12/2015 16:44 PM Starting to parse game
INFO: 29/12/2015 16:45 PM Finished game, moving to the next one
INFO: 29/12/2015 16:45 PM Starting to parse game
INFO: 29/12/2015 16:46 PM Finished game, moving to the next one
INFO: 29/12/2015 16:46 PM Starting to parse game
INFO: 29/12/2015 16:47 PM Finished game, moving to the next one
INFO: 29/12/2015 16:47 PM Starting to parse game
INFO: 29/12/2015 16:49 PM Finished game, moving to the next one
INFO: 29/12/2015 16:49 PM Finished month, saving to disk
INFO: 29/12/2015 16:49 PM Starting to parse game
INFO: 29/12/2015 16:50 PM Finished game, moving to the next one
INFO: 29/12/2015 16:50 PM Starting to parse game
INFO: 29/12/2015 16:51 PM Finished game, moving to the next one
INFO: 29/12/2015 16:51 PM Starting to parse game
INFO: 29/12/2015 16:53 PM Finished game, moving to the next one
INFO: 29/12/2015 16:53 PM Starting to parse game
INFO: 29/12/2015 16:54 PM Finished game, moving to the next one
INFO: 29/12/2015 16:54 PM Starting to parse game
INFO: 29/12/2015 16:55 PM Finished game, moving to the next one
INFO: 29/12/2015 16:55 PM Starting to parse game
INFO: 29/12/2015 16:57 PM Finished game, moving to the next one
INFO: 29/12/2015 16:57 PM Starting to parse game
INFO: 29/12/2015 16:58 PM Finished game, moving to the next one
INFO: 29/12/2015 16:58 PM Starting to parse game
INFO: 29/12/2015 16:59 PM Finished game, moving to the next one
INFO: 29/12/2015 16:59 PM Starting to parse game
INFO: 29/12/2015 17:00 PM Finished game, moving to the next one
INFO: 29/12/2015 17:00 PM Starting to parse game
INFO: 29/12/2015 17:02 PM Finished game, moving to the next one
INFO: 29/12/2015 17:02 PM Starting to parse game
INFO: 29/12/2015 17:03 PM Finished game, moving to the next one
INFO: 29/12/2015 17:03 PM Starting to parse game
INFO: 29/12/2015 17:04 PM Finished game, moving to the next one
INFO: 29/12/2015 17:04 PM Starting to parse game
INFO: 29/12/2015 17:06 PM Finished game, moving to the next one
INFO: 29/12/2015 17:06 PM Starting to parse game
INFO: 29/12/2015 17:07 PM Finished game, moving to the next one
INFO: 29/12/2015 17:07 PM Starting to parse game
INFO: 29/12/2015 17:08 PM Finished game, moving to the next one
INFO: 29/12/2015 17:08 PM Starting to parse game
INFO: 29/12/2015 17:10 PM Finished game, moving to the next one
INFO: 29/12/2015 17:10 PM Starting to parse game
INFO: 29/12/2015 17:11 PM Finished game, moving to the next one
INFO: 29/12/2015 17:11 PM Starting to parse game
INFO: 29/12/2015 17:13 PM Finished game, moving to the next one
INFO: 29/12/2015 17:13 PM Starting to parse game
INFO: 29/12/2015 17:14 PM Finished game, moving to the next one
INFO: 29/12/2015 17:14 PM Starting to parse game
INFO: 29/12/2015 17:15 PM Finished game, moving to the next one
INFO: 29/12/2015 17:15 PM Starting to parse game
INFO: 29/12/2015 17:17 PM Finished game, moving to the next one
INFO: 29/12/2015 17:17 PM Starting to parse game
INFO: 29/12/2015 17:18 PM Finished game, moving to the next one
INFO: 29/12/2015 17:18 PM Starting to parse game
INFO: 29/12/2015 17:19 PM Finished game, moving to the next one
INFO: 29/12/2015 17:19 PM Starting to parse game
INFO: 29/12/2015 17:20 PM Finished game, moving to the next one
INFO: 29/12/2015 17:20 PM Starting to parse game
INFO: 29/12/2015 17:22 PM Finished game, moving to the next one
INFO: 29/12/2015 17:22 PM Starting to parse game
INFO: 29/12/2015 17:23 PM Finished game, moving to the next one
INFO: 29/12/2015 17:23 PM Starting to parse game
INFO: 29/12/2015 17:24 PM Finished game, moving to the next one
INFO: 29/12/2015 17:24 PM Starting to parse game
INFO: 29/12/2015 17:26 PM Finished game, moving to the next one
INFO: 29/12/2015 17:26 PM Starting to parse game
INFO: 29/12/2015 17:27 PM Finished game, moving to the next one
INFO: 29/12/2015 17:27 PM Starting to parse game
INFO: 29/12/2015 17:28 PM Finished game, moving to the next one
INFO: 29/12/2015 17:28 PM Starting to parse game
INFO: 29/12/2015 17:30 PM Finished game, moving to the next one
INFO: 29/12/2015 17:30 PM Starting to parse game
INFO: 29/12/2015 17:31 PM Finished game, moving to the next one
INFO: 29/12/2015 17:31 PM Starting to parse game
INFO: 29/12/2015 17:32 PM Finished game, moving to the next one
INFO: 29/12/2015 17:32 PM Starting to parse game
INFO: 29/12/2015 17:33 PM Finished game, moving to the next one
INFO: 29/12/2015 17:33 PM Starting to parse game
INFO: 29/12/2015 17:35 PM Finished game, moving to the next one
INFO: 29/12/2015 17:35 PM Starting to parse game
INFO: 29/12/2015 17:36 PM Finished game, moving to the next one
INFO: 29/12/2015 17:36 PM Starting to parse game
INFO: 29/12/2015 17:37 PM Finished game, moving to the next one
INFO: 29/12/2015 17:37 PM Starting to parse game
INFO: 29/12/2015 17:39 PM Finished game, moving to the next one
INFO: 29/12/2015 17:39 PM Starting to parse game
INFO: 29/12/2015 17:40 PM Finished game, moving to the next one
INFO: 29/12/2015 17:40 PM Starting to parse game
INFO: 29/12/2015 17:41 PM Finished game, moving to the next one
INFO: 29/12/2015 17:41 PM Starting to parse game
INFO: 29/12/2015 17:43 PM Finished game, moving to the next one
INFO: 29/12/2015 17:43 PM Finished month, saving to disk
INFO: 29/12/2015 17:43 PM Starting to parse game
INFO: 29/12/2015 17:44 PM Finished game, moving to the next one
INFO: 29/12/2015 17:44 PM Starting to parse game
INFO: 29/12/2015 17:45 PM Finished game, moving to the next one
INFO: 29/12/2015 17:45 PM Starting to parse game
INFO: 29/12/2015 17:47 PM Finished game, moving to the next one
INFO: 29/12/2015 17:47 PM Starting to parse game
INFO: 29/12/2015 17:48 PM Finished game, moving to the next one
INFO: 29/12/2015 17:48 PM Starting to parse game
INFO: 29/12/2015 17:49 PM Finished game, moving to the next one
INFO: 29/12/2015 17:49 PM Starting to parse game
INFO: 29/12/2015 17:51 PM Finished game, moving to the next one
INFO: 29/12/2015 17:51 PM Starting to parse game
INFO: 29/12/2015 17:52 PM Finished game, moving to the next one
INFO: 29/12/2015 17:52 PM Starting to parse game
INFO: 29/12/2015 17:53 PM Finished game, moving to the next one
INFO: 29/12/2015 17:53 PM Starting to parse game
INFO: 29/12/2015 17:55 PM Finished game, moving to the next one
INFO: 29/12/2015 17:55 PM Starting to parse game
INFO: 29/12/2015 17:56 PM Finished game, moving to the next one
INFO: 29/12/2015 17:56 PM Starting to parse game
INFO: 29/12/2015 17:57 PM Finished game, moving to the next one
INFO: 29/12/2015 17:57 PM Starting to parse game
INFO: 29/12/2015 17:59 PM Finished game, moving to the next one
INFO: 29/12/2015 17:59 PM Starting to parse game
INFO: 29/12/2015 18:00 PM Finished game, moving to the next one
INFO: 29/12/2015 18:00 PM Starting to parse game
INFO: 29/12/2015 18:01 PM Finished game, moving to the next one
INFO: 29/12/2015 18:01 PM Starting to parse game
INFO: 29/12/2015 18:03 PM Finished game, moving to the next one
INFO: 29/12/2015 18:03 PM Starting to parse game
INFO: 29/12/2015 18:04 PM Finished game, moving to the next one
INFO: 29/12/2015 18:04 PM Starting to parse game
INFO: 29/12/2015 18:05 PM Finished game, moving to the next one
INFO: 29/12/2015 18:05 PM Starting to parse game
INFO: 29/12/2015 18:07 PM Finished game, moving to the next one
INFO: 29/12/2015 18:07 PM Starting to parse game
INFO: 29/12/2015 18:08 PM Finished game, moving to the next one
INFO: 29/12/2015 18:08 PM Starting to parse game
INFO: 29/12/2015 18:09 PM Finished game, moving to the next one
INFO: 29/12/2015 18:09 PM Starting to parse game
INFO: 29/12/2015 18:10 PM Finished game, moving to the next one
INFO: 29/12/2015 18:10 PM Starting to parse game
INFO: 29/12/2015 18:12 PM Finished game, moving to the next one
INFO: 29/12/2015 18:12 PM Starting to parse game
INFO: 29/12/2015 18:13 PM Finished game, moving to the next one
INFO: 29/12/2015 18:13 PM Starting to parse game
INFO: 29/12/2015 18:14 PM Finished game, moving to the next one
INFO: 29/12/2015 18:14 PM Starting to parse game
INFO: 29/12/2015 18:16 PM Finished game, moving to the next one
INFO: 29/12/2015 18:16 PM Starting to parse game
INFO: 29/12/2015 18:17 PM Finished game, moving to the next one
INFO: 29/12/2015 18:17 PM Starting to parse game
INFO: 29/12/2015 18:18 PM Finished game, moving to the next one
INFO: 29/12/2015 18:18 PM Starting to parse game
INFO: 29/12/2015 18:20 PM Finished game, moving to the next one
INFO: 29/12/2015 18:20 PM Starting to parse game
INFO: 29/12/2015 18:21 PM Finished game, moving to the next one
INFO: 29/12/2015 18:21 PM Starting to parse game
INFO: 29/12/2015 18:22 PM Finished game, moving to the next one
INFO: 29/12/2015 18:22 PM Finished month, saving to disk
INFO: 29/12/2015 18:22 PM Starting to parse game
INFO: 29/12/2015 18:24 PM Finished game, moving to the next one
INFO: 29/12/2015 18:24 PM Starting to parse game
INFO: 29/12/2015 18:25 PM Finished game, moving to the next one
INFO: 29/12/2015 18:25 PM Starting to parse game
INFO: 29/12/2015 18:26 PM Finished game, moving to the next one
INFO: 29/12/2015 18:26 PM Starting to parse game
INFO: 29/12/2015 18:28 PM Finished game, moving to the next one
INFO: 29/12/2015 18:28 PM Starting to parse game
INFO: 29/12/2015 18:29 PM Finished game, moving to the next one
INFO: 29/12/2015 18:29 PM Starting to parse game
INFO: 29/12/2015 18:30 PM Finished game, moving to the next one
INFO: 29/12/2015 18:30 PM Starting to parse game
INFO: 29/12/2015 18:32 PM Finished game, moving to the next one
INFO: 29/12/2015 18:32 PM Starting to parse game
INFO: 29/12/2015 18:33 PM Finished game, moving to the next one
INFO: 29/12/2015 18:33 PM Starting to parse game
INFO: 29/12/2015 18:34 PM Finished game, moving to the next one
INFO: 29/12/2015 18:34 PM Starting to parse game
INFO: 29/12/2015 18:36 PM Finished game, moving to the next one
INFO: 29/12/2015 18:36 PM Starting to parse game
INFO: 29/12/2015 18:37 PM Finished game, moving to the next one
INFO: 29/12/2015 18:37 PM Starting to parse game
INFO: 29/12/2015 18:38 PM Finished game, moving to the next one
INFO: 29/12/2015 18:38 PM Starting to parse game
INFO: 29/12/2015 18:40 PM Finished game, moving to the next one
INFO: 29/12/2015 18:40 PM Starting to parse game
INFO: 29/12/2015 18:41 PM Finished game, moving to the next one
INFO: 29/12/2015 18:41 PM Starting to parse game
INFO: 29/12/2015 18:42 PM Finished game, moving to the next one
INFO: 29/12/2015 18:42 PM Starting to parse game
INFO: 29/12/2015 18:44 PM Finished game, moving to the next one
INFO: 29/12/2015 18:44 PM Starting to parse game
INFO: 29/12/2015 18:45 PM Finished game, moving to the next one
INFO: 29/12/2015 18:45 PM Starting to parse game
INFO: 29/12/2015 18:46 PM Finished game, moving to the next one
INFO: 29/12/2015 18:46 PM Starting to parse game
INFO: 29/12/2015 18:47 PM Finished game, moving to the next one
INFO: 29/12/2015 18:47 PM Starting to parse game
INFO: 29/12/2015 18:49 PM Finished game, moving to the next one
INFO: 29/12/2015 18:49 PM Starting to parse game
INFO: 29/12/2015 18:50 PM Finished game, moving to the next one
INFO: 29/12/2015 18:50 PM Starting to parse game
INFO: 29/12/2015 18:51 PM Finished game, moving to the next one
INFO: 29/12/2015 18:51 PM Starting to parse game
INFO: 29/12/2015 18:53 PM Finished game, moving to the next one
INFO: 29/12/2015 18:53 PM Starting to parse game
INFO: 29/12/2015 18:54 PM Finished game, moving to the next one
INFO: 29/12/2015 18:54 PM Starting to parse game
INFO: 29/12/2015 18:55 PM Finished game, moving to the next one
INFO: 29/12/2015 18:55 PM Starting to parse game
INFO: 29/12/2015 18:57 PM Finished game, moving to the next one
INFO: 29/12/2015 18:57 PM Starting to parse game
INFO: 29/12/2015 18:58 PM Finished game, moving to the next one
INFO: 29/12/2015 18:58 PM Starting to parse game
INFO: 29/12/2015 18:59 PM Finished game, moving to the next one
INFO: 29/12/2015 18:59 PM Starting to parse game
INFO: 29/12/2015 19:01 PM Finished game, moving to the next one
INFO: 29/12/2015 19:01 PM Starting to parse game
INFO: 29/12/2015 19:02 PM Finished game, moving to the next one
INFO: 29/12/2015 19:02 PM Starting to parse game
INFO: 29/12/2015 19:03 PM Finished game, moving to the next one
INFO: 29/12/2015 19:03 PM Starting to parse game
INFO: 29/12/2015 19:05 PM Finished game, moving to the next one
INFO: 29/12/2015 19:05 PM Starting to parse game
INFO: 29/12/2015 19:06 PM Finished game, moving to the next one
INFO: 29/12/2015 19:06 PM Starting to parse game
INFO: 29/12/2015 19:07 PM Finished game, moving to the next one
INFO: 29/12/2015 19:07 PM Starting to parse game
INFO: 29/12/2015 19:09 PM Finished game, moving to the next one
INFO: 29/12/2015 19:09 PM Starting to parse game
INFO: 29/12/2015 19:10 PM Finished game, moving to the next one
INFO: 29/12/2015 19:10 PM Starting to parse game
INFO: 29/12/2015 19:11 PM Finished game, moving to the next one
INFO: 29/12/2015 19:11 PM Starting to parse game
INFO: 29/12/2015 19:13 PM Finished game, moving to the next one
INFO: 29/12/2015 19:13 PM Starting to parse game
INFO: 29/12/2015 19:14 PM Finished game, moving to the next one
INFO: 29/12/2015 19:14 PM Starting to parse game
INFO: 29/12/2015 19:15 PM Finished game, moving to the next one
INFO: 29/12/2015 19:15 PM Starting to parse game
INFO: 29/12/2015 19:16 PM Finished game, moving to the next one
INFO: 29/12/2015 19:16 PM Starting to parse game
INFO: 29/12/2015 19:18 PM Finished game, moving to the next one
INFO: 29/12/2015 19:18 PM Starting to parse game
INFO: 29/12/2015 19:19 PM Finished game, moving to the next one
INFO: 29/12/2015 19:19 PM Starting to parse game
INFO: 29/12/2015 19:20 PM Finished game, moving to the next one
INFO: 29/12/2015 19:20 PM Starting to parse game
INFO: 29/12/2015 19:22 PM Finished game, moving to the next one
INFO: 29/12/2015 19:22 PM Starting to parse game
INFO: 29/12/2015 19:23 PM Finished game, moving to the next one
INFO: 29/12/2015 19:23 PM Starting to parse game
INFO: 29/12/2015 19:24 PM Finished game, moving to the next one
INFO: 29/12/2015 19:24 PM Starting to parse game
INFO: 29/12/2015 19:26 PM Finished game, moving to the next one
INFO: 29/12/2015 19:26 PM Starting to parse game
INFO: 29/12/2015 19:27 PM Finished game, moving to the next one
INFO: 29/12/2015 19:27 PM Starting to parse game
INFO: 29/12/2015 19:28 PM Finished game, moving to the next one
INFO: 29/12/2015 19:28 PM Finished month, saving to disk
INFO: 29/12/2015 19:28 PM Starting to parse game
INFO: 29/12/2015 19:30 PM Finished game, moving to the next one
INFO: 29/12/2015 19:30 PM Starting to parse game
INFO: 29/12/2015 19:31 PM Finished game, moving to the next one
INFO: 29/12/2015 19:31 PM Starting to parse game
INFO: 29/12/2015 19:32 PM Finished game, moving to the next one
INFO: 29/12/2015 19:32 PM Starting to parse game
INFO: 29/12/2015 19:34 PM Finished game, moving to the next one
INFO: 29/12/2015 19:34 PM Starting to parse game
INFO: 29/12/2015 19:35 PM Finished game, moving to the next one
INFO: 29/12/2015 19:35 PM Starting to parse game
INFO: 29/12/2015 19:36 PM Finished game, moving to the next one
INFO: 29/12/2015 19:36 PM Starting to parse game
INFO: 29/12/2015 19:38 PM Finished game, moving to the next one
INFO: 29/12/2015 19:38 PM Starting to parse game
INFO: 29/12/2015 19:39 PM Finished game, moving to the next one
INFO: 29/12/2015 19:39 PM Starting to parse game
INFO: 29/12/2015 19:40 PM Finished game, moving to the next one
INFO: 29/12/2015 19:40 PM Starting to parse game
INFO: 29/12/2015 19:42 PM Finished game, moving to the next one
INFO: 29/12/2015 19:42 PM Starting to parse game
INFO: 29/12/2015 19:43 PM Finished game, moving to the next one
INFO: 29/12/2015 19:43 PM Starting to parse game
INFO: 29/12/2015 19:44 PM Finished game, moving to the next one
INFO: 29/12/2015 19:44 PM Starting to parse game
INFO: 29/12/2015 19:45 PM Finished game, moving to the next one
INFO: 29/12/2015 19:45 PM Starting to parse game
INFO: 29/12/2015 19:47 PM Finished game, moving to the next one
INFO: 29/12/2015 19:47 PM Starting to parse game
INFO: 29/12/2015 19:48 PM Finished game, moving to the next one
INFO: 29/12/2015 19:48 PM Starting to parse game
INFO: 29/12/2015 19:49 PM Finished game, moving to the next one
INFO: 29/12/2015 19:49 PM Starting to parse game
INFO: 29/12/2015 19:51 PM Finished game, moving to the next one
INFO: 29/12/2015 19:51 PM Starting to parse game
INFO: 29/12/2015 19:52 PM Finished game, moving to the next one
INFO: 29/12/2015 19:52 PM Starting to parse game
INFO: 29/12/2015 19:54 PM Finished game, moving to the next one
INFO: 29/12/2015 19:54 PM Starting to parse game
INFO: 29/12/2015 19:55 PM Finished game, moving to the next one
INFO: 29/12/2015 19:55 PM Starting to parse game
INFO: 29/12/2015 19:56 PM Finished game, moving to the next one
INFO: 29/12/2015 19:56 PM Starting to parse game
INFO: 29/12/2015 19:58 PM Finished game, moving to the next one
INFO: 29/12/2015 19:58 PM Starting to parse game
INFO: 29/12/2015 19:59 PM Finished game, moving to the next one
INFO: 29/12/2015 19:59 PM Starting to parse game
INFO: 29/12/2015 20:00 PM Finished game, moving to the next one
INFO: 29/12/2015 20:00 PM Starting to parse game
INFO: 29/12/2015 20:02 PM Finished game, moving to the next one
INFO: 29/12/2015 20:02 PM Starting to parse game
INFO: 29/12/2015 20:03 PM Finished game, moving to the next one
INFO: 29/12/2015 20:03 PM Starting to parse game
INFO: 29/12/2015 20:04 PM Finished game, moving to the next one
INFO: 29/12/2015 20:04 PM Starting to parse game
INFO: 29/12/2015 20:06 PM Finished game, moving to the next one
INFO: 29/12/2015 20:06 PM Starting to parse game
INFO: 29/12/2015 20:07 PM Finished game, moving to the next one
INFO: 29/12/2015 20:07 PM Starting to parse game
INFO: 29/12/2015 20:09 PM Finished game, moving to the next one
INFO: 29/12/2015 20:09 PM Starting to parse game
INFO: 29/12/2015 20:10 PM Finished game, moving to the next one
INFO: 29/12/2015 20:10 PM Starting to parse game
INFO: 29/12/2015 20:11 PM Finished game, moving to the next one
INFO: 29/12/2015 20:11 PM Starting to parse game
INFO: 29/12/2015 20:12 PM Finished game, moving to the next one
INFO: 29/12/2015 20:12 PM Starting to parse game
INFO: 29/12/2015 20:14 PM Finished game, moving to the next one
INFO: 29/12/2015 20:14 PM Starting to parse game
INFO: 29/12/2015 20:15 PM Finished game, moving to the next one
INFO: 29/12/2015 20:15 PM Starting to parse game
INFO: 29/12/2015 20:17 PM Finished game, moving to the next one
INFO: 29/12/2015 20:17 PM Starting to parse game
INFO: 29/12/2015 20:18 PM Finished game, moving to the next one
INFO: 29/12/2015 20:18 PM Starting to parse game
INFO: 29/12/2015 20:19 PM Finished game, moving to the next one
INFO: 29/12/2015 20:19 PM Starting to parse game
INFO: 29/12/2015 20:20 PM Finished game, moving to the next one
INFO: 29/12/2015 20:20 PM Starting to parse game
INFO: 29/12/2015 20:22 PM Finished game, moving to the next one
INFO: 29/12/2015 20:22 PM Finished month, saving to disk
INFO: 29/12/2015 20:22 PM Starting to parse game
INFO: 29/12/2015 20:23 PM Finished game, moving to the next one
INFO: 29/12/2015 20:23 PM Starting to parse game
INFO: 29/12/2015 20:24 PM Finished game, moving to the next one
INFO: 29/12/2015 20:24 PM Starting to parse game
INFO: 29/12/2015 20:26 PM Finished game, moving to the next one
INFO: 29/12/2015 20:26 PM Starting to parse game
INFO: 29/12/2015 20:27 PM Finished game, moving to the next one
INFO: 29/12/2015 20:27 PM Starting to parse game
INFO: 29/12/2015 20:28 PM Finished game, moving to the next one
INFO: 29/12/2015 20:28 PM Starting to parse game
INFO: 29/12/2015 20:30 PM Finished game, moving to the next one
INFO: 29/12/2015 20:30 PM Starting to parse game
INFO: 29/12/2015 20:31 PM Finished game, moving to the next one
INFO: 29/12/2015 20:31 PM Starting to parse game
INFO: 29/12/2015 20:32 PM Finished game, moving to the next one
INFO: 29/12/2015 20:32 PM Starting to parse game
INFO: 29/12/2015 20:34 PM Finished game, moving to the next one
INFO: 29/12/2015 20:34 PM Starting to parse game
INFO: 29/12/2015 20:35 PM Finished game, moving to the next one
INFO: 29/12/2015 20:35 PM Starting to parse game
INFO: 29/12/2015 20:36 PM Finished game, moving to the next one
INFO: 29/12/2015 20:36 PM Starting to parse game
INFO: 29/12/2015 20:38 PM Finished game, moving to the next one
INFO: 29/12/2015 20:38 PM Starting to parse game
INFO: 29/12/2015 20:39 PM Finished game, moving to the next one
INFO: 29/12/2015 20:39 PM Starting to parse game
INFO: 29/12/2015 20:40 PM Finished game, moving to the next one
INFO: 29/12/2015 20:40 PM Starting to parse game
INFO: 29/12/2015 20:42 PM Finished game, moving to the next one
INFO: 29/12/2015 20:42 PM Starting to parse game
INFO: 29/12/2015 20:43 PM Finished game, moving to the next one
INFO: 29/12/2015 20:43 PM Starting to parse game
INFO: 29/12/2015 20:44 PM Finished game, moving to the next one
INFO: 29/12/2015 20:44 PM Starting to parse game
INFO: 29/12/2015 20:46 PM Finished game, moving to the next one
INFO: 29/12/2015 20:46 PM Starting to parse game
INFO: 29/12/2015 20:47 PM Finished game, moving to the next one
INFO: 29/12/2015 20:47 PM Starting to parse game
INFO: 29/12/2015 20:48 PM Finished game, moving to the next one
INFO: 29/12/2015 20:48 PM Starting to parse game
INFO: 29/12/2015 20:50 PM Finished game, moving to the next one
INFO: 29/12/2015 20:50 PM Starting to parse game
INFO: 29/12/2015 20:51 PM Finished game, moving to the next one
INFO: 29/12/2015 20:51 PM Starting to parse game
INFO: 29/12/2015 20:52 PM Finished game, moving to the next one
INFO: 29/12/2015 20:52 PM Starting to parse game
INFO: 29/12/2015 20:54 PM Finished game, moving to the next one
INFO: 29/12/2015 20:54 PM Starting to parse game
INFO: 29/12/2015 20:55 PM Finished game, moving to the next one
INFO: 29/12/2015 20:55 PM Starting to parse game
INFO: 29/12/2015 20:56 PM Finished game, moving to the next one
INFO: 29/12/2015 20:56 PM Starting to parse game
INFO: 29/12/2015 20:58 PM Finished game, moving to the next one
INFO: 29/12/2015 20:58 PM Starting to parse game
INFO: 29/12/2015 20:59 PM Finished game, moving to the next one
INFO: 29/12/2015 20:59 PM Starting to parse game
INFO: 29/12/2015 21:00 PM Finished game, moving to the next one
INFO: 29/12/2015 21:00 PM Starting to parse game
INFO: 29/12/2015 21:02 PM Finished game, moving to the next one
INFO: 29/12/2015 21:02 PM Starting to parse game
INFO: 29/12/2015 21:03 PM Finished game, moving to the next one
INFO: 29/12/2015 21:03 PM Starting to parse game
INFO: 29/12/2015 21:04 PM Finished game, moving to the next one
INFO: 29/12/2015 21:04 PM Starting to parse game
INFO: 29/12/2015 21:06 PM Finished game, moving to the next one
INFO: 29/12/2015 21:06 PM Starting to parse game
INFO: 29/12/2015 21:07 PM Finished game, moving to the next one
INFO: 29/12/2015 21:07 PM Starting to parse game
INFO: 29/12/2015 21:08 PM Finished game, moving to the next one
INFO: 29/12/2015 21:08 PM Starting to parse game
INFO: 29/12/2015 21:10 PM Finished game, moving to the next one
INFO: 29/12/2015 21:10 PM Starting to parse game
INFO: 29/12/2015 21:11 PM Finished game, moving to the next one
INFO: 29/12/2015 21:11 PM Starting to parse game
INFO: 29/12/2015 21:12 PM Finished game, moving to the next one
INFO: 29/12/2015 21:12 PM Starting to parse game
INFO: 29/12/2015 21:14 PM Finished game, moving to the next one
INFO: 29/12/2015 21:14 PM Starting to parse game
INFO: 29/12/2015 21:15 PM Finished game, moving to the next one
INFO: 29/12/2015 21:15 PM Finished month, saving to disk
INFO: 29/12/2015 21:15 PM Starting to parse game
INFO: 29/12/2015 21:16 PM Finished game, moving to the next one
INFO: 29/12/2015 21:16 PM Starting to parse game
INFO: 29/12/2015 21:18 PM Finished game, moving to the next one
INFO: 29/12/2015 21:18 PM Starting to parse game
INFO: 29/12/2015 21:19 PM Finished game, moving to the next one
INFO: 29/12/2015 21:19 PM Starting to parse game
INFO: 29/12/2015 21:21 PM Finished game, moving to the next one
INFO: 29/12/2015 21:21 PM Starting to parse game
INFO: 29/12/2015 21:22 PM Finished game, moving to the next one
INFO: 29/12/2015 21:22 PM Starting to parse game
INFO: 29/12/2015 21:23 PM Finished game, moving to the next one
INFO: 29/12/2015 21:23 PM Starting to parse game
INFO: 29/12/2015 21:24 PM Finished game, moving to the next one
INFO: 29/12/2015 21:24 PM Starting to parse game
INFO: 29/12/2015 21:26 PM Finished game, moving to the next one
INFO: 29/12/2015 21:26 PM Starting to parse game
INFO: 29/12/2015 21:27 PM Finished game, moving to the next one
INFO: 29/12/2015 21:27 PM Starting to parse game
INFO: 29/12/2015 21:28 PM Finished game, moving to the next one
INFO: 29/12/2015 21:28 PM Starting to parse game
INFO: 29/12/2015 21:30 PM Finished game, moving to the next one
INFO: 29/12/2015 21:30 PM Starting to parse game
INFO: 29/12/2015 21:31 PM Finished game, moving to the next one
INFO: 29/12/2015 21:31 PM Starting to parse game
INFO: 29/12/2015 21:32 PM Finished game, moving to the next one
INFO: 29/12/2015 21:32 PM Starting to parse game
INFO: 29/12/2015 21:34 PM Finished game, moving to the next one
INFO: 29/12/2015 21:34 PM Starting to parse game
INFO: 29/12/2015 21:35 PM Finished game, moving to the next one
INFO: 29/12/2015 21:35 PM Starting to parse game
INFO: 29/12/2015 21:36 PM Finished game, moving to the next one
INFO: 29/12/2015 21:36 PM Starting to parse game
INFO: 29/12/2015 21:38 PM Finished game, moving to the next one
INFO: 29/12/2015 21:38 PM Starting to parse game
INFO: 29/12/2015 21:39 PM Finished game, moving to the next one
INFO: 29/12/2015 21:39 PM Starting to parse game
INFO: 29/12/2015 21:40 PM Finished game, moving to the next one
INFO: 29/12/2015 21:40 PM Starting to parse game
INFO: 29/12/2015 21:42 PM Finished game, moving to the next one
INFO: 29/12/2015 21:42 PM Starting to parse game
INFO: 29/12/2015 21:43 PM Finished game, moving to the next one
INFO: 29/12/2015 21:43 PM Starting to parse game
INFO: 29/12/2015 21:44 PM Finished game, moving to the next one
INFO: 29/12/2015 21:44 PM Starting to parse game
INFO: 29/12/2015 21:46 PM Finished game, moving to the next one
INFO: 29/12/2015 21:46 PM Starting to parse game
INFO: 29/12/2015 21:47 PM Finished game, moving to the next one
INFO: 29/12/2015 21:47 PM Starting to parse game
INFO: 29/12/2015 21:48 PM Finished game, moving to the next one
INFO: 29/12/2015 21:48 PM Starting to parse game
INFO: 29/12/2015 21:50 PM Finished game, moving to the next one
INFO: 29/12/2015 21:50 PM Starting to parse game
INFO: 29/12/2015 21:51 PM Finished game, moving to the next one
INFO: 29/12/2015 21:51 PM Starting to parse game
INFO: 29/12/2015 21:52 PM Finished game, moving to the next one
INFO: 29/12/2015 21:52 PM Starting to parse game
INFO: 29/12/2015 21:54 PM Finished game, moving to the next one
INFO: 29/12/2015 21:54 PM Starting to parse game
INFO: 29/12/2015 21:55 PM Finished game, moving to the next one
INFO: 29/12/2015 21:55 PM Starting to parse game
INFO: 29/12/2015 21:56 PM Finished game, moving to the next one
INFO: 29/12/2015 21:56 PM Starting to parse game
INFO: 29/12/2015 21:58 PM Finished game, moving to the next one
INFO: 29/12/2015 21:58 PM Starting to parse game
INFO: 29/12/2015 21:59 PM Finished game, moving to the next one
INFO: 29/12/2015 21:59 PM Starting to parse game
INFO: 29/12/2015 22:00 PM Finished game, moving to the next one
INFO: 29/12/2015 22:00 PM Starting to parse game
INFO: 29/12/2015 22:01 PM Finished game, moving to the next one
INFO: 29/12/2015 22:01 PM Starting to parse game
INFO: 29/12/2015 22:03 PM Finished game, moving to the next one
INFO: 29/12/2015 22:03 PM Starting to parse game
INFO: 29/12/2015 22:04 PM Finished game, moving to the next one
INFO: 29/12/2015 22:04 PM Starting to parse game
INFO: 29/12/2015 22:05 PM Finished game, moving to the next one
INFO: 29/12/2015 22:05 PM Starting to parse game
INFO: 29/12/2015 22:07 PM Finished game, moving to the next one
INFO: 29/12/2015 22:07 PM Starting to parse game
INFO: 29/12/2015 22:08 PM Finished game, moving to the next one
INFO: 29/12/2015 22:08 PM Starting to parse game
INFO: 29/12/2015 22:09 PM Finished game, moving to the next one
INFO: 29/12/2015 22:09 PM Starting to parse game
INFO: 29/12/2015 22:10 PM Finished game, moving to the next one
INFO: 29/12/2015 22:10 PM Starting to parse game
INFO: 29/12/2015 22:12 PM Finished game, moving to the next one
INFO: 29/12/2015 22:12 PM Finished month, saving to disk
INFO: 29/12/2015 22:12 PM Starting to parse game
INFO: 29/12/2015 22:13 PM Finished game, moving to the next one
INFO: 29/12/2015 22:13 PM Starting to parse game
INFO: 29/12/2015 22:15 PM Finished game, moving to the next one
INFO: 29/12/2015 22:15 PM Starting to parse game
INFO: 29/12/2015 22:16 PM Finished game, moving to the next one
INFO: 29/12/2015 22:16 PM Starting to parse game
INFO: 29/12/2015 22:17 PM Finished game, moving to the next one
INFO: 29/12/2015 22:17 PM Starting to parse game
INFO: 29/12/2015 22:18 PM Finished game, moving to the next one
INFO: 29/12/2015 22:18 PM Starting to parse game
INFO: 29/12/2015 22:20 PM Finished game, moving to the next one
INFO: 29/12/2015 22:20 PM Starting to parse game
INFO: 29/12/2015 22:21 PM Finished game, moving to the next one
INFO: 29/12/2015 22:21 PM Starting to parse game
INFO: 29/12/2015 22:22 PM Finished game, moving to the next one
INFO: 29/12/2015 22:22 PM Starting to parse game
INFO: 29/12/2015 22:24 PM Finished game, moving to the next one
INFO: 29/12/2015 22:24 PM Starting to parse game
INFO: 29/12/2015 22:25 PM Finished game, moving to the next one
INFO: 29/12/2015 22:25 PM Starting to parse game
INFO: 29/12/2015 22:26 PM Finished game, moving to the next one
INFO: 29/12/2015 22:26 PM Starting to parse game
INFO: 29/12/2015 22:27 PM Finished game, moving to the next one
INFO: 29/12/2015 22:27 PM Starting to parse game
INFO: 29/12/2015 22:29 PM Finished game, moving to the next one
INFO: 29/12/2015 22:29 PM Starting to parse game
INFO: 29/12/2015 22:30 PM Finished game, moving to the next one
INFO: 29/12/2015 22:30 PM Starting to parse game
INFO: 29/12/2015 22:31 PM Finished game, moving to the next one
INFO: 29/12/2015 22:31 PM Starting to parse game
INFO: 29/12/2015 22:33 PM Finished game, moving to the next one
INFO: 29/12/2015 22:33 PM Starting to parse game
INFO: 29/12/2015 22:34 PM Finished game, moving to the next one
INFO: 29/12/2015 22:34 PM Starting to parse game
INFO: 29/12/2015 22:35 PM Finished game, moving to the next one
INFO: 29/12/2015 22:35 PM Starting to parse game
INFO: 29/12/2015 22:37 PM Finished game, moving to the next one
INFO: 29/12/2015 22:37 PM Starting to parse game
INFO: 29/12/2015 22:38 PM Finished game, moving to the next one
INFO: 29/12/2015 22:38 PM Starting to parse game
INFO: 29/12/2015 22:39 PM Finished game, moving to the next one
INFO: 29/12/2015 22:39 PM Starting to parse game
INFO: 29/12/2015 22:41 PM Finished game, moving to the next one
INFO: 29/12/2015 22:41 PM Starting to parse game
INFO: 29/12/2015 22:42 PM Finished game, moving to the next one
INFO: 29/12/2015 22:42 PM Starting to parse game
INFO: 29/12/2015 22:43 PM Finished game, moving to the next one
INFO: 29/12/2015 22:43 PM Starting to parse game
INFO: 29/12/2015 22:45 PM Finished game, moving to the next one
INFO: 29/12/2015 22:45 PM Starting to parse game
INFO: 29/12/2015 22:46 PM Finished game, moving to the next one
INFO: 29/12/2015 22:46 PM Starting to parse game
INFO: 29/12/2015 22:47 PM Finished game, moving to the next one
INFO: 29/12/2015 22:47 PM Starting to parse game
INFO: 29/12/2015 22:49 PM Finished game, moving to the next one
INFO: 29/12/2015 22:49 PM Starting to parse game
INFO: 29/12/2015 22:50 PM Finished game, moving to the next one
INFO: 29/12/2015 22:50 PM Starting to parse game
INFO: 29/12/2015 22:51 PM Finished game, moving to the next one
INFO: 29/12/2015 22:51 PM Starting to parse game
INFO: 29/12/2015 22:53 PM Finished game, moving to the next one
INFO: 29/12/2015 22:53 PM Starting to parse game
INFO: 29/12/2015 22:54 PM Finished game, moving to the next one
INFO: 29/12/2015 22:54 PM Starting to parse game
INFO: 29/12/2015 22:55 PM Finished game, moving to the next one
INFO: 29/12/2015 22:55 PM Starting to parse game
INFO: 29/12/2015 22:57 PM Finished game, moving to the next one
INFO: 29/12/2015 22:57 PM Starting to parse game
INFO: 29/12/2015 22:58 PM Finished game, moving to the next one
INFO: 29/12/2015 22:58 PM Starting to parse game
INFO: 29/12/2015 22:59 PM Finished game, moving to the next one
INFO: 29/12/2015 22:59 PM Starting to parse game
INFO: 29/12/2015 23:01 PM Finished game, moving to the next one
INFO: 29/12/2015 23:01 PM Starting to parse game
INFO: 29/12/2015 23:02 PM Finished game, moving to the next one
INFO: 29/12/2015 23:02 PM Starting to parse game
INFO: 29/12/2015 23:03 PM Finished game, moving to the next one
INFO: 29/12/2015 23:03 PM Starting to parse game
INFO: 29/12/2015 23:05 PM Finished game, moving to the next one
INFO: 29/12/2015 23:05 PM Starting to parse game
INFO: 29/12/2015 23:06 PM Finished game, moving to the next one
INFO: 29/12/2015 23:06 PM Starting to parse game
INFO: 29/12/2015 23:08 PM Finished game, moving to the next one
INFO: 29/12/2015 23:08 PM Starting to parse game
INFO: 29/12/2015 23:09 PM Finished game, moving to the next one
INFO: 29/12/2015 23:09 PM Starting to parse game
INFO: 29/12/2015 23:10 PM Finished game, moving to the next one
INFO: 29/12/2015 23:10 PM Starting to parse game
INFO: 29/12/2015 23:12 PM Finished game, moving to the next one
INFO: 29/12/2015 23:12 PM Starting to parse game
INFO: 29/12/2015 23:13 PM Finished game, moving to the next one
INFO: 29/12/2015 23:13 PM Starting to parse game
INFO: 29/12/2015 23:14 PM Finished game, moving to the next one
INFO: 29/12/2015 23:14 PM Finished month, saving to disk
